<!DOCTYPE html PUBLIC "-//W3C//DTD XHTML 1.1//EN" "https://www.w3.org/TR/xhtml11/DTD/xhtml11.dtd">
<html xmlns="https://www.w3.org/1999/xhtml">
<head>
<meta http-equiv="content-type" content="text/html; charset=UTF-8"/>
<title>TestNG Report</title>
<style type="text/css">table {margin-bottom:10px;border-collapse:collapse;empty-cells:show}th,td {border:1px solid #009;padding:.25em .5em}th {vertical-align:bottom}td {vertical-align:top}table a {font-weight:bold}.stripe td {background-color: #E6EBF9}.num {text-align:right}.passedodd td {background-color: #3F3}.passedeven td {background-color: #0A0}.skippedodd td {background-color: #DDD}.skippedeven td {background-color: #CCC}.failedodd td,.attn {background-color: #F33}.failedeven td,.stripe .attn {background-color: #D00}.stacktrace {white-space:pre;font-family:monospace}.totop {font-size:85%;text-align:center;border-bottom:2px solid #000}.invisible {display:none}</style>
</head>
<body>
<table>
<tr><th>Test</th><th># Passed</th><th># Skipped</th><th># Retried</th><th># Failed</th><th>Time (ms)</th><th>Included Groups</th><th>Excluded Groups</th></tr>
<tr><th colspan="8">All Test Suite</th></tr>
<tr><td><a href="#t0">C:/Users/ADMIN/IdeaProjects/ProjectElearning360</a></td><td class="num">10</td><td class="num">0</td><td class="num">0</td><td class="num attn">2</td><td class="num">29,979</td><td></td><td></td></tr>
</table>
<table id='summary'><thead><tr><th>Class</th><th>Method</th><th>Start</th><th>Time (ms)</th></tr></thead><tbody><tr><th colspan="4">All Test Suite</th></tr></tbody><tbody id="t0"><tr><th colspan="4">C:/Users/ADMIN/IdeaProjects/ProjectElearning360 &#8212; failed</th></tr><tr class="failedeven"><td rowspan="2">com.itlearn.testcases.SearchTest</td><td><a href="#m0">verifyText</a></td><td rowspan="2">1720079741243</td><td rowspan="2">3191</td></tr><tr class="failedeven"><td><a href="#m1">verifyText</a></td></tr><tr><th colspan="4">C:/Users/ADMIN/IdeaProjects/ProjectElearning360 &#8212; passed</th></tr><tr class="passedeven"><td rowspan="6">com.itlearn.testcases.LoginTest</td><td><a href="#m2">verifyLogin</a></td><td rowspan="6">1720079733575</td><td rowspan="6">2216</td></tr><tr class="passedeven"><td><a href="#m3">verifyLogin</a></td></tr><tr class="passedeven"><td><a href="#m4">verifyLogin</a></td></tr><tr class="passedeven"><td><a href="#m5">verifyLogin</a></td></tr><tr class="passedeven"><td><a href="#m6">verifyLogin</a></td></tr><tr class="passedeven"><td><a href="#m7">verifyLogin</a></td></tr><tr class="passedodd"><td rowspan="4">com.itlearn.testcases.SearchTest</td><td><a href="#m8">demo</a></td><td rowspan="1">1720079721524</td><td rowspan="1">2</td></tr><tr class="passedodd"><td><a href="#m9">trueAccountLogin</a></td><td rowspan="1">1720079721551</td><td rowspan="1">1608</td></tr><tr class="passedodd"><td><a href="#m10">verifySearch</a></td><td rowspan="2">1720079723202</td><td rowspan="2">8361</td></tr><tr class="passedodd"><td><a href="#m11">verifySearch</a></td></tr></tbody>
</table>
<h2>C:/Users/ADMIN/IdeaProjects/ProjectElearning360</h2><h3 id="m0">com.itlearn.testcases.SearchTest#verifyText</h3><table class="result"><tr class="param"><th>Parameter #1</th></tr><tr class="param stripe"><td>fridge Products</td></tr><tr><th>Exception</th></tr><tr><td><div class="stacktrace">java.lang.AssertionError: expected [fridge Products] but found [Iphone Products]
	at org.testng.Assert.fail(Assert.java:111)
	at org.testng.Assert.failNotEquals(Assert.java:1578)
	at org.testng.Assert.assertEqualsImpl(Assert.java:150)
	at org.testng.Assert.assertEquals(Assert.java:132)
	at org.testng.Assert.assertEquals(Assert.java:656)
	at org.testng.Assert.assertEquals(Assert.java:666)
	at com.itlearn.testcases.SearchTest.verifyText(SearchTest.java:36)
	at java.base/jdk.internal.reflect.NativeMethodAccessorImpl.invoke0(Native Method)
	at java.base/jdk.internal.reflect.NativeMethodAccessorImpl.invoke(NativeMethodAccessorImpl.java:62)
	at java.base/jdk.internal.reflect.DelegatingMethodAccessorImpl.invoke(DelegatingMethodAccessorImpl.java:43)
	at java.base/java.lang.reflect.Method.invoke(Method.java:566)
	at org.testng.internal.invokers.MethodInvocationHelper.invokeMethod(MethodInvocationHelper.java:141)
	at org.testng.internal.invokers.TestInvoker.invokeMethod(TestInvoker.java:686)
	at org.testng.internal.invokers.TestInvoker.invokeTestMethod(TestInvoker.java:230)
	at org.testng.internal.invokers.MethodRunner.runInSequence(MethodRunner.java:63)
	at org.testng.internal.invokers.TestInvoker$MethodInvocationAgent.invoke(TestInvoker.java:992)
	at org.testng.internal.invokers.TestInvoker.invokeTestMethods(TestInvoker.java:203)
	at org.testng.internal.invokers.TestMethodWorker.invokeTestMethods(TestMethodWorker.java:154)
	at org.testng.internal.invokers.TestMethodWorker.run(TestMethodWorker.java:134)
	at java.base/java.util.concurrent.Executors$RunnableAdapter.call(Executors.java:515)
	at java.base/java.util.concurrent.FutureTask.run(FutureTask.java:264)
	at org.testng.internal.thread.graph.TestNGFutureTask.run(TestNGFutureTask.java:22)
	at java.base/java.util.concurrent.ThreadPoolExecutor.runWorker(ThreadPoolExecutor.java:1128)
	at java.base/java.util.concurrent.ThreadPoolExecutor$Worker.run(ThreadPoolExecutor.java:628)
	at java.base/java.lang.Thread.run(Thread.java:834)
</div></td></tr></table><p class="totop"><a href="#summary">back to summary</a></p>
<h3 id="m1">com.itlearn.testcases.SearchTest#verifyText</h3><table class="result"><tr class="param"><th>Parameter #1</th></tr><tr class="param stripe"><td>Iphone Prooducts </td></tr><tr><th>Exception</th></tr><tr><td><div class="stacktrace">java.lang.AssertionError: expected [Iphone Prooducts ] but found [Iphone Products]
	at org.testng.Assert.fail(Assert.java:111)
	at org.testng.Assert.failNotEquals(Assert.java:1578)
	at org.testng.Assert.assertEqualsImpl(Assert.java:150)
	at org.testng.Assert.assertEquals(Assert.java:132)
	at org.testng.Assert.assertEquals(Assert.java:656)
	at org.testng.Assert.assertEquals(Assert.java:666)
	at com.itlearn.testcases.SearchTest.verifyText(SearchTest.java:36)
	at java.base/jdk.internal.reflect.NativeMethodAccessorImpl.invoke0(Native Method)
	at java.base/jdk.internal.reflect.NativeMethodAccessorImpl.invoke(NativeMethodAccessorImpl.java:62)
	at java.base/jdk.internal.reflect.DelegatingMethodAccessorImpl.invoke(DelegatingMethodAccessorImpl.java:43)
	at java.base/java.lang.reflect.Method.invoke(Method.java:566)
	at org.testng.internal.invokers.MethodInvocationHelper.invokeMethod(MethodInvocationHelper.java:141)
	at org.testng.internal.invokers.TestInvoker.invokeMethod(TestInvoker.java:686)
	at org.testng.internal.invokers.TestInvoker.invokeTestMethod(TestInvoker.java:230)
	at org.testng.internal.invokers.MethodRunner.runInSequence(MethodRunner.java:63)
	at org.testng.internal.invokers.TestInvoker$MethodInvocationAgent.invoke(TestInvoker.java:992)
	at org.testng.internal.invokers.TestInvoker.invokeTestMethods(TestInvoker.java:203)
	at org.testng.internal.invokers.TestMethodWorker.invokeTestMethods(TestMethodWorker.java:154)
	at org.testng.internal.invokers.TestMethodWorker.run(TestMethodWorker.java:134)
	at java.base/java.util.concurrent.Executors$RunnableAdapter.call(Executors.java:515)
	at java.base/java.util.concurrent.FutureTask.run(FutureTask.java:264)
	at org.testng.internal.thread.graph.TestNGFutureTask.run(TestNGFutureTask.java:22)
	at java.base/java.util.concurrent.ThreadPoolExecutor.runWorker(ThreadPoolExecutor.java:1128)
	at java.base/java.util.concurrent.ThreadPoolExecutor$Worker.run(ThreadPoolExecutor.java:628)
	at java.base/java.lang.Thread.run(Thread.java:834)
</div></td></tr></table><p class="totop"><a href="#summary">back to summary</a></p>
<h3 id="m2">com.itlearn.testcases.LoginTest#verifyLogin</h3><table class="result"><tr class="param"><th>Parameter #1</th><th>Parameter #2</th><th>Parameter #3</th></tr><tr class="param stripe"><td>ravi@dhiyotech.in</td><td>123</td><td>wrong pass</td></tr></table><p class="totop"><a href="#summary">back to summary</a></p>
<h3 id="m3">com.itlearn.testcases.LoginTest#verifyLogin</h3><table class="result"><tr class="param"><th>Parameter #1</th><th>Parameter #2</th><th>Parameter #3</th></tr><tr class="param stripe"><td>infotek@solutions.com</td><td>Demo</td><td>wrong email</td></tr></table><p class="totop"><a href="#summary">back to summary</a></p>
<h3 id="m4">com.itlearn.testcases.LoginTest#verifyLogin</h3><table class="result"><tr class="param"><th>Parameter #1</th><th>Parameter #2</th><th>Parameter #3</th></tr><tr class="param stripe"><td>ravi@dhiyotech.in</td><td>45</td><td>wrong pass</td></tr></table><p class="totop"><a href="#summary">back to summary</a></p>
<h3 id="m5">com.itlearn.testcases.LoginTest#verifyLogin</h3><table class="result"><tr class="param"><th>Parameter #1</th><th>Parameter #2</th><th>Parameter #3</th></tr><tr class="param stripe"><td>ravi@dhiyotech.in</td><td>Demo</td><td>right</td></tr></table><p class="totop"><a href="#summary">back to summary</a></p>
<h3 id="m6">com.itlearn.testcases.LoginTest#verifyLogin</h3><table class="result"><tr class="param"><th>Parameter #1</th><th>Parameter #2</th><th>Parameter #3</th></tr><tr class="param stripe"><td>ravi@dhiyotech.in</td><td>deno123</td><td>wrong pass</td></tr></table><p class="totop"><a href="#summary">back to summary</a></p>
<h3 id="m7">com.itlearn.testcases.LoginTest#verifyLogin</h3><table class="result"><tr class="param"><th>Parameter #1</th><th>Parameter #2</th><th>Parameter #3</th></tr><tr class="param stripe"><td>ravi@dhiyotech.in</td><td></td><td>wrong pass</td></tr></table><p class="totop"><a href="#summary">back to summary</a></p>
<h3 id="m8">com.itlearn.testcases.SearchTest#demo</h3><table class="result"><tr><th class="invisible"/></tr></table><p class="totop"><a href="#summary">back to summary</a></p>
<h3 id="m9">com.itlearn.testcases.SearchTest#trueAccountLogin</h3><table class="result"><tr><th class="invisible"/></tr></table><p class="totop"><a href="#summary">back to summary</a></p>
<h3 id="m10">com.itlearn.testcases.SearchTest#verifySearch</h3><table class="result"><tr class="param"><th>Parameter #1</th></tr><tr class="param stripe"><td>Iphone Prooducts </td></tr></table><p class="totop"><a href="#summary">back to summary</a></p>
<h3 id="m11">com.itlearn.testcases.SearchTest#verifySearch</h3><table class="result"><tr class="param"><th>Parameter #1</th></tr><tr class="param stripe"><td>fridge Products</td></tr></table><p class="totop"><a href="#summary">back to summary</a></p>
</body>
</html>
